<?xml version="1.0" encoding="UTF-8"?>
<!-- Generated by org.testng.reporters.JUnitReportReporter -->
<testsuite skipped="0" hostname="DESKTOP-NHOIO92" name="testScenario_002.TC_01" tests="1" failures="0" timestamp="2020-06-24T00:28:35 IST" time="1.485" errors="0">
  <testcase name="homeLoanPageTest" time="1.485" classname="testScenario_002.TC_01"/>
  <system-out/>
</testsuite> <!-- testScenario_002.TC_01 -->
