<?xml version="1.0" encoding="UTF-8"?>
<!-- Generated by org.testng.reporters.JUnitReportReporter -->
<testsuite skipped="0" hostname="DESKTOP-NHOIO92" name="testScenario_002.TC_15" tests="1" failures="0" timestamp="2020-06-24T00:31:24 IST" time="6.261" errors="0">
  <testcase name="validDataHomeLoanTest" time="6.261" classname="testScenario_002.TC_15"/>
  <system-out/>
</testsuite> <!-- testScenario_002.TC_15 -->
