<?xml version="1.0" encoding="UTF-8"?>
<!-- Generated by org.testng.reporters.JUnitReportReporter -->
<testsuite skipped="0" hostname="DESKTOP-NHOIO92" name="testScenario_003.TC_08" tests="1" failures="0" timestamp="2020-06-24T00:31:24 IST" time="2.358" errors="0">
  <testcase name="sliderAndLoanFeesTallyCheck" time="2.358" classname="testScenario_003.TC_08"/>
  <system-out/>
</testsuite> <!-- testScenario_003.TC_08 -->
