<?xml version="1.0" encoding="UTF-8"?>
<!-- Generated by org.testng.reporters.JUnitReportReporter -->
<testsuite skipped="0" hostname="DESKTOP-NHOIO92" name="testScenario_003.TC_001" tests="1" failures="0" timestamp="2020-06-24T00:28:35 IST" time="1.197" errors="0">
  <testcase name="EMICalculatorPageTest" time="1.197" classname="testScenario_003.TC_001"/>
  <system-out/>
</testsuite> <!-- testScenario_003.TC_001 -->
