<?xml version="1.0" encoding="UTF-8"?>
<!-- Generated by org.testng.reporters.JUnitReportReporter -->
<testsuite skipped="0" hostname="DESKTOP-NHOIO92" name="testScenario_001.TC_08" tests="1" failures="0" timestamp="2020-06-24T00:28:35 IST" time="2.241" errors="0">
  <testcase name="validDataCarLoanTest" time="2.241" classname="testScenario_001.TC_08"/>
  <system-out/>
</testsuite> <!-- testScenario_001.TC_08 -->
