<?xml version="1.0" encoding="UTF-8"?>
<!-- Generated by org.testng.reporters.JUnitReportReporter -->
<testsuite skipped="0" hostname="DESKTOP-NHOIO92" name="testScenario_001.TC_03" tests="1" failures="0" timestamp="2020-06-24T00:31:24 IST" time="5.791" errors="0">
  <testcase name="validDataCarInterestBoxTest" time="5.791" classname="testScenario_001.TC_03"/>
  <system-out/>
</testsuite> <!-- testScenario_001.TC_03 -->
