<?xml version="1.0" encoding="UTF-8"?>
<!-- Generated by org.testng.reporters.JUnitReportReporter -->
<testsuite skipped="0" hostname="DESKTOP-NHOIO92" name="testScenario_001.TC_07" tests="1" failures="0" timestamp="2020-06-24T00:31:24 IST" time="2.157" errors="0">
  <testcase name="invalidDataCarLoanTenureBoxTest" time="2.157" classname="testScenario_001.TC_07"/>
  <system-out/>
</testsuite> <!-- testScenario_001.TC_07 -->
