<?xml version="1.0" encoding="UTF-8"?>
<!-- Generated by org.testng.reporters.JUnitReportReporter -->
<testsuite skipped="0" hostname="DESKTOP-NHOIO92" name="testScenario_001.TC_01" tests="1" failures="0" timestamp="2020-06-24T00:28:35 IST" time="1.966" errors="0">
  <testcase name="carLoanPageTest" time="1.966" classname="testScenario_001.TC_01"/>
  <system-out/>
</testsuite> <!-- testScenario_001.TC_01 -->
